============================================================
Time  2020/10/11 15:24:51 699 
============================================================
[2020/10/11 15:24:51 699] tts        811  SYS_MSG_REGCB param0 =  msp_status_cb  param1 =  func(cc2aa8a0) 
[2020/10/11 15:24:51 701] config     43   use general cloud  
[2020/10/11 15:24:51 703] tts_cloud  1438 SYS_MSG_REGCB_CLOUD param0 =   msp_status_cb  param1 =  func(cc2aa8a0) 
[2020/10/11 15:24:51 706] tts        782  TTS_MSG_SSB  
[2020/10/11 15:24:51 706] tts        434  params =  engine_type = local,voice_name=xiaoyan, text_encoding = UTF8, tts_res_path = fo|res/tts/xiaoyan.jet;fo|res/tts/common.jet, sample_rate = 16000, speed = 50, volume = 50, pitch = 50, rdn = 2  
[2020/10/11 15:24:51 706] tts        273  auf=audio/L16;rate=16000  
[2020/10/11 15:24:51 706] tts        273  auf=audio/L16;rate=16000  
[2020/10/11 15:24:51 706] tts        471  ssb|use local  
[2020/10/11 15:24:51 706] tts        385  local_session_begin  
[2020/10/11 15:24:51 707] tts        789  TTS_MSG_SYN  0  
[2020/10/11 15:24:51 707] tts        514  synth|use local  
[2020/10/11 15:24:51 707] tts        792  TTS_MSG_GETAUDIO  0  
[2020/10/11 15:24:51 708] tts        557  get audio|use local  
[2020/10/11 15:24:51 708] tts        599  0  nil  1  
[2020/10/11 15:24:51 708] tts        792  TTS_MSG_GETAUDIO  0  
[2020/10/11 15:24:51 708] tts        557  get audio|use local  
[2020/10/11 15:24:51 708] tts        599  0  nil  1  
[2020/10/11 15:24:51 709] tts        792  TTS_MSG_GETAUDIO  0  
[2020/10/11 15:24:51 709] tts        557  get audio|use local  
[2020/10/11 15:24:51 709] tts        599  0  nil  1  
[2020/10/11 15:24:51 709] tts        792  TTS_MSG_GETAUDIO  0  
[2020/10/11 15:24:51 710] tts        557  get audio|use local  
[2020/10/11 15:24:51 710] tts        599  0  nil  1  
[2020/10/11 15:24:51 711] tts        792  TTS_MSG_GETAUDIO  0  
[2020/10/11 15:24:51 711] tts        557  get audio|use local  
[2020/10/11 15:24:51 711] tts        599  0  nil  1  
[2020/10/11 15:24:51 711] tts        792  TTS_MSG_GETAUDIO  0  
[2020/10/11 15:24:51 711] tts        557  get audio|use local  
[2020/10/11 15:24:51 711] tts        599  0  nil  1  
[2020/10/11 15:24:51 712] tts        301  TTS_LOCAL_CB_BEGIN  
[2020/10/11 15:24:51 712] tts        792  TTS_MSG_GETAUDIO  0  
[2020/10/11 15:24:51 712] tts        557  get audio|use local  
[2020/10/11 15:24:51 712] tts        599  0  nil  1  
[2020/10/11 15:24:51 713] tts        792  TTS_MSG_GETAUDIO  0  
[2020/10/11 15:24:51 713] tts        557  get audio|use local  
[2020/10/11 15:24:51 713] tts        599  0  nil  1  
[2020/10/11 15:24:51 713] tts        317  TTS_LOCAL_CB_OUTPUT  101  udata(cc022838) 15  
[2020/10/11 15:24:51 713] tts        321  udata(cc022838) 15  
[2020/10/11 15:24:51 713] tts        792  TTS_MSG_GETAUDIO  0  
[2020/10/11 15:24:51 713] tts        557  get audio|use local  
[2020/10/11 15:24:51 714] tts        570  local audiolen:  212  ,ced:  15  
[2020/10/11 15:24:51 714] tts        599  0  udata(cc05b468) 1  
[2020/10/11 15:24:51 714] tts        792  TTS_MSG_GETAUDIO  0  
[2020/10/11 15:24:51 714] tts        557  get audio|use local  
[2020/10/11 15:24:51 714] tts        599  0  nil  1  
[2020/10/11 15:24:51 715] tts        317  TTS_LOCAL_CB_OUTPUT  101  udata(cc06f508) 15  
[2020/10/11 15:24:51 715] tts        321  udata(cc06f508) 15  
[2020/10/11 15:24:51 715] tts        792  TTS_MSG_GETAUDIO  0  
[2020/10/11 15:24:51 715] tts        557  get audio|use local  
[2020/10/11 15:24:51 715] tts        570  local audiolen:  5572  ,ced:  15  
[2020/10/11 15:24:51 715] tts        599  0  udata(cc29a978) 1  
[2020/10/11 15:24:51 715] tts        792  TTS_MSG_GETAUDIO  0  
[2020/10/11 15:24:51 715] tts        557  get audio|use local  
[2020/10/11 15:24:51 716] tts        599  0  nil  1  
[2020/10/11 15:24:51 716] tts        317  TTS_LOCAL_CB_OUTPUT  101  udata(cc06f328) 15  
[2020/10/11 15:24:51 716] tts        321  udata(cc06f328) 15  
[2020/10/11 15:24:51 716] tts        792  TTS_MSG_GETAUDIO  0  
[2020/10/11 15:24:51 716] tts        557  get audio|use local  
[2020/10/11 15:24:51 716] tts        570  local audiolen:  5274  ,ced:  15  
[2020/10/11 15:24:51 716] tts        599  0  udata(cc0428d8) 1  
[2020/10/11 15:24:51 717] tts        792  TTS_MSG_GETAUDIO  0  
[2020/10/11 15:24:51 717] tts        557  get audio|use local  
[2020/10/11 15:24:51 717] tts        599  0  nil  1  
[2020/10/11 15:24:51 717] tts        792  TTS_MSG_GETAUDIO  0  
[2020/10/11 15:24:51 717] tts        557  get audio|use local  
[2020/10/11 15:24:51 718] tts        599  0  nil  1  
[2020/10/11 15:24:51 718] tts        317  TTS_LOCAL_CB_OUTPUT  101  udata(cc2bad28) 15  
[2020/10/11 15:24:51 718] tts        321  udata(cc2bad28) 15  
[2020/10/11 15:24:51 718] tts        792  TTS_MSG_GETAUDIO  0  
[2020/10/11 15:24:51 718] tts        557  get audio|use local  
[2020/10/11 15:24:51 718] tts        570  local audiolen:  8896  ,ced:  15  
[2020/10/11 15:24:51 718] tts        599  0  udata(cc2bb8e8) 1  
[2020/10/11 15:24:51 719] tts        317  TTS_LOCAL_CB_OUTPUT  101  udata(cc2bb998) 15  
[2020/10/11 15:24:51 719] tts        321  udata(cc2bb998) 15  
[2020/10/11 15:24:51 719] tts        792  TTS_MSG_GETAUDIO  0  
[2020/10/11 15:24:51 719] tts        557  get audio|use local  
[2020/10/11 15:24:51 719] tts        570  local audiolen:  6822  ,ced:  15  
[2020/10/11 15:24:51 719] tts        599  0  udata(cc06ddf8) 1  
[2020/10/11 15:24:51 720] tts        792  TTS_MSG_GETAUDIO  0  
[2020/10/11 15:24:51 720] tts        557  get audio|use local  
[2020/10/11 15:24:51 720] tts        599  0  nil  1  
[2020/10/11 15:24:51 720] tts        317  TTS_LOCAL_CB_OUTPUT  101  udata(cc2ab2c8) 15  
[2020/10/11 15:24:51 720] tts        321  udata(cc2ab2c8) 15  
[2020/10/11 15:24:51 721] tts        317  TTS_LOCAL_CB_OUTPUT  101  udata(cc2badc8) 15  
[2020/10/11 15:24:51 721] tts        321  udata(cc2badc8) 15  
[2020/10/11 15:24:51 722] tts        317  TTS_LOCAL_CB_OUTPUT  101  udata(cc2d1af8) 15  
[2020/10/11 15:24:51 722] tts        321  udata(cc2d1af8) 15  
[2020/10/11 15:24:51 722] tts        792  TTS_MSG_GETAUDIO  0  
[2020/10/11 15:24:51 722] tts        557  get audio|use local  
[2020/10/11 15:24:51 722] tts        570  local audiolen:  9460  ,ced:  15  
[2020/10/11 15:24:51 722] tts        599  0  udata(cc06b998) 1  
[2020/10/11 15:24:51 723] tts        317  TTS_LOCAL_CB_OUTPUT  101  udata(cc06ba48) 15  
[2020/10/11 15:24:51 723] tts        321  udata(cc06ba48) 15  
[2020/10/11 15:24:51 723] tts        317  TTS_LOCAL_CB_OUTPUT  101  udata(cc06b7b8) 15  
[2020/10/11 15:24:51 723] tts        321  udata(cc06b7b8) 15  
[2020/10/11 15:24:51 724] tts        317  TTS_LOCAL_CB_OUTPUT  101  udata(cc06b8b8) 15  
[2020/10/11 15:24:51 724] tts        321  udata(cc06b8b8) 15  
[2020/10/11 15:24:51 724] tts        792  TTS_MSG_GETAUDIO  0  
[2020/10/11 15:24:51 724] tts        557  get audio|use local  
[2020/10/11 15:24:51 724] tts        570  local audiolen:  512  ,ced:  15  
[2020/10/11 15:24:51 725] tts        599  0  udata(cc059a38) 1  
[2020/10/11 15:24:51 726] tts        317  TTS_LOCAL_CB_OUTPUT  101  udata(cc059ae8) 15  
[2020/10/11 15:24:51 726] tts        321  udata(cc059ae8) 15  
[2020/10/11 15:24:51 727] tts        317  TTS_LOCAL_CB_OUTPUT  101  udata(cc059b88) 15  
[2020/10/11 15:24:51 727] tts        321  udata(cc059b88) 15  
[2020/10/11 15:24:51 728] tts        317  TTS_LOCAL_CB_OUTPUT  101  udata(cc05cab8) 15  
[2020/10/11 15:24:51 728] tts        321  udata(cc05cab8) 15  
[2020/10/11 15:24:51 728] tts        317  TTS_LOCAL_CB_OUTPUT  101  udata(cc004e38) 15  
[2020/10/11 15:24:51 728] tts        321  udata(cc004e38) 15  
[2020/10/11 15:24:51 728] tts        317  TTS_LOCAL_CB_OUTPUT  101  udata(cc004f38) 15  
[2020/10/11 15:24:51 728] tts        321  udata(cc004f38) 15  
[2020/10/11 15:24:51 728] tts        317  TTS_LOCAL_CB_OUTPUT  101  udata(cc06e918) 15  
[2020/10/11 15:24:51 728] tts        321  udata(cc06e918) 15  
[2020/10/11 15:24:51 728] tts        317  TTS_LOCAL_CB_OUTPUT  101  udata(cc06ea18) 15  
[2020/10/11 15:24:51 728] tts        321  udata(cc06ea18) 15  
[2020/10/11 15:24:51 729] tts        317  TTS_LOCAL_CB_OUTPUT  101  udata(cc06eb18) 15  
[2020/10/11 15:24:51 729] tts        321  udata(cc06eb18) 15  
[2020/10/11 15:24:51 729] tts        317  TTS_LOCAL_CB_OUTPUT  101  udata(cc02b958) 15  
[2020/10/11 15:24:51 730] tts        321  udata(cc02b958) 15  
[2020/10/11 15:24:51 730] tts        317  TTS_LOCAL_CB_OUTPUT  101  udata(cc07d008) 15  
[2020/10/11 15:24:51 730] tts        321  udata(cc07d008) 15  
[2020/10/11 15:24:51 731] tts        317  TTS_LOCAL_CB_OUTPUT  101  udata(cc07d108) 15  
[2020/10/11 15:24:51 731] tts        321  udata(cc07d108) 15  
[2020/10/11 15:24:51 731] tts        317  TTS_LOCAL_CB_OUTPUT  101  udata(cc0199d8) 15  
[2020/10/11 15:24:51 731] tts        321  udata(cc0199d8) 15  
[2020/10/11 15:24:51 731] tts        317  TTS_LOCAL_CB_OUTPUT  101  udata(cc019ad8) 15  
[2020/10/11 15:24:51 731] tts        321  udata(cc019ad8) 15  
[2020/10/11 15:24:51 731] tts        317  TTS_LOCAL_CB_OUTPUT  101  udata(cc019bd8) 15  
[2020/10/11 15:24:51 731] tts        321  udata(cc019bd8) 15  
[2020/10/11 15:24:51 731] tts        792  TTS_MSG_GETAUDIO  0  
[2020/10/11 15:24:51 732] tts        557  get audio|use local  
[2020/10/11 15:24:51 732] tts        570  local audiolen:  512  ,ced:  15  
[2020/10/11 15:24:51 732] tts        599  0  udata(cc06ec08) 1  
[2020/10/11 15:24:51 732] tts        792  TTS_MSG_GETAUDIO  0  
[2020/10/11 15:24:51 732] tts        557  get audio|use local  
[2020/10/11 15:24:51 732] tts        570  local audiolen:  512  ,ced:  15  
[2020/10/11 15:24:51 732] tts        599  0  udata(cc06ecb8) 1  
[2020/10/11 15:24:51 732] tts        792  TTS_MSG_GETAUDIO  0  
[2020/10/11 15:24:51 732] tts        557  get audio|use local  
[2020/10/11 15:24:51 732] tts        570  local audiolen:  512  ,ced:  15  
[2020/10/11 15:24:51 732] tts        599  0  udata(cc06ed08) 1  
[2020/10/11 15:24:51 733] tts        792  TTS_MSG_GETAUDIO  0  
[2020/10/11 15:24:51 733] tts        557  get audio|use local  
[2020/10/11 15:24:51 733] tts        570  local audiolen:  512  ,ced:  15  
[2020/10/11 15:24:51 734] tts        599  0  udata(cc06ed58) 1  
[2020/10/11 15:24:51 734] tts        317  TTS_LOCAL_CB_OUTPUT  101  udata(cc01f698) 30  
[2020/10/11 15:24:51 734] tts        321  udata(cc01f698) 30  
[2020/10/11 15:24:51 735] tts        317  TTS_LOCAL_CB_OUTPUT  101  udata(cc06eda8) 30  
[2020/10/11 15:24:51 735] tts        321  udata(cc06eda8) 30  
[2020/10/11 15:24:51 736] tts        792  TTS_MSG_GETAUDIO  0  
[2020/10/11 15:24:51 736] tts        557  get audio|use local  
[2020/10/11 15:24:51 736] tts        570  local audiolen:  512  ,ced:  15  
[2020/10/11 15:24:51 736] tts        599  0  udata(cc01f4e8) 1  
[2020/10/11 15:24:51 737] tts        317  TTS_LOCAL_CB_OUTPUT  101  udata(cc01f598) 30  
[2020/10/11 15:24:51 737] tts        321  udata(cc01f598) 30  
[2020/10/11 15:24:51 737] tts        317  TTS_LOCAL_CB_OUTPUT  101  udata(cc01f638) 30  
[2020/10/11 15:24:51 737] tts        321  udata(cc01f638) 30  
[2020/10/11 15:24:51 737] tts        792  TTS_MSG_GETAUDIO  0  
[2020/10/11 15:24:51 737] tts        557  get audio|use local  
[2020/10/11 15:24:51 737] tts        570  local audiolen:  512  ,ced:  15  
[2020/10/11 15:24:51 737] tts        599  0  udata(cc0278f8) 1  
[2020/10/11 15:24:51 739] tts        317  TTS_LOCAL_CB_OUTPUT  101  udata(cc0279a8) 30  
[2020/10/11 15:24:51 739] tts        321  udata(cc0279a8) 30  
[2020/10/11 15:24:51 739] tts        317  TTS_LOCAL_CB_OUTPUT  101  udata(cc027a48) 30  
[2020/10/11 15:24:51 739] tts        321  udata(cc027a48) 30  
[2020/10/11 15:24:51 739] tts        317  TTS_LOCAL_CB_OUTPUT  101  udata(cc027b48) 30  
[2020/10/11 15:24:51 739] tts        321  udata(cc027b48) 30  
[2020/10/11 15:24:51 739] tts        317  TTS_LOCAL_CB_OUTPUT  101  udata(cc02aaa8) 30  
[2020/10/11 15:24:51 739] tts        321  udata(cc02aaa8) 30  
[2020/10/11 15:24:51 740] tts        792  TTS_MSG_GETAUDIO  0  
[2020/10/11 15:24:51 740] tts        557  get audio|use local  
[2020/10/11 15:24:51 740] tts        570  local audiolen:  512  ,ced:  15  
[2020/10/11 15:24:51 740] tts        599  0  udata(cc02aba8) 1  
[2020/10/11 15:24:51 740] tts        792  TTS_MSG_GETAUDIO  0  
[2020/10/11 15:24:51 740] tts        557  get audio|use local  
[2020/10/11 15:24:51 740] tts        570  local audiolen:  512  ,ced:  15  
[2020/10/11 15:24:51 740] tts        599  0  udata(cc02ac58) 1  
[2020/10/11 15:24:51 741] tts        317  TTS_LOCAL_CB_OUTPUT  101  udata(cc06f0a8) 30  
[2020/10/11 15:24:51 741] tts        321  udata(cc06f0a8) 30  
[2020/10/11 15:24:51 743] tts        317  TTS_LOCAL_CB_OUTPUT  101  udata(cc02acf8) 30  
[2020/10/11 15:24:51 743] tts        321  udata(cc02acf8) 30  
[2020/10/11 15:24:51 743] tts        317  TTS_LOCAL_CB_OUTPUT  101  udata(cc06f1a8) 30  
[2020/10/11 15:24:51 744] tts        321  udata(cc06f1a8) 30  
[2020/10/11 15:24:51 744] tts        317  TTS_LOCAL_CB_OUTPUT  101  udata(cc06ef48) 30  
[2020/10/11 15:24:51 744] tts        321  udata(cc06ef48) 30  
[2020/10/11 15:24:51 744] tts        317  TTS_LOCAL_CB_OUTPUT  101  udata(cc06f048) 30  
[2020/10/11 15:24:51 744] tts        321  udata(cc06f048) 30  
[2020/10/11 15:24:51 744] tts        317  TTS_LOCAL_CB_OUTPUT  101  udata(cc01f838) 30  
[2020/10/11 15:24:51 744] tts        321  udata(cc01f838) 30  
[2020/10/11 15:24:51 744] tts        317  TTS_LOCAL_CB_OUTPUT  101  udata(cc01f938) 30  
[2020/10/11 15:24:51 744] tts        321  udata(cc01f938) 30  
[2020/10/11 15:24:51 744] tts        317  TTS_LOCAL_CB_OUTPUT  101  udata(cc01f0c8) 30  
[2020/10/11 15:24:51 745] tts        321  udata(cc01f0c8) 30  
[2020/10/11 15:24:51 745] tts        317  TTS_LOCAL_CB_OUTPUT  101  udata(cc01f1c8) 30  
[2020/10/11 15:24:51 745] tts        321  udata(cc01f1c8) 30  
[2020/10/11 15:24:51 745] tts        317  TTS_LOCAL_CB_OUTPUT  101  udata(cc01f2c8) 30  
[2020/10/11 15:24:51 745] tts        321  udata(cc01f2c8) 30  
[2020/10/11 15:24:51 745] tts        317  TTS_LOCAL_CB_OUTPUT  101  udata(cc2b8518) 30  
[2020/10/11 15:24:51 745] tts        321  udata(cc2b8518) 30  
[2020/10/11 15:24:51 745] tts        317  TTS_LOCAL_CB_OUTPUT  101  udata(cc2b8618) 30  
[2020/10/11 15:24:51 745] tts        321  udata(cc2b8618) 30  
[2020/10/11 15:24:51 746] tts        792  TTS_MSG_GETAUDIO  0  
[2020/10/11 15:24:51 746] tts        557  get audio|use local  
[2020/10/11 15:24:51 746] tts        570  local audiolen:  512  ,ced:  15  
[2020/10/11 15:24:51 746] tts        599  0  udata(cc2b8718) 1  
[2020/10/11 15:24:51 747] tts        317  TTS_LOCAL_CB_OUTPUT  101  udata(cc2b87c8) 30  
[2020/10/11 15:24:51 747] tts        321  udata(cc2b87c8) 30  
[2020/10/11 15:24:51 748] tts        317  TTS_LOCAL_CB_OUTPUT  101  udata(cc2b8868) 30  
[2020/10/11 15:24:51 748] tts        321  udata(cc2b8868) 30  
[2020/10/11 15:24:51 748] tts        317  TTS_LOCAL_CB_OUTPUT  101  udata(cc01a128) 30  
[2020/10/11 15:24:51 748] tts        321  udata(cc01a128) 30  
[2020/10/11 15:24:51 749] tts        317  TTS_LOCAL_CB_OUTPUT  101  udata(cc01a228) 30  
[2020/10/11 15:24:51 749] tts        321  udata(cc01a228) 30  
[2020/10/11 15:24:51 750] tts        317  TTS_LOCAL_CB_OUTPUT  101  udata(cc01a328) 30  
[2020/10/11 15:24:51 750] tts        321  udata(cc01a328) 30  
[2020/10/11 15:24:51 750] tts        317  TTS_LOCAL_CB_OUTPUT  101  udata(cc019c98) 54  
[2020/10/11 15:24:51 750] tts        321  udata(cc019c98) 54  
[2020/10/11 15:24:51 750] tts        317  TTS_LOCAL_CB_OUTPUT  101  udata(cc019d98) 54  
[2020/10/11 15:24:51 750] tts        321  udata(cc019d98) 54  
[2020/10/11 15:24:51 750] tts        317  TTS_LOCAL_CB_OUTPUT  101  udata(cc019e98) 54  
[2020/10/11 15:24:51 750] tts        321  udata(cc019e98) 54  
[2020/10/11 15:24:51 750] tts        317  TTS_LOCAL_CB_OUTPUT  101  udata(cc019f98) 54  
[2020/10/11 15:24:51 750] tts        321  udata(cc019f98) 54  
[2020/10/11 15:24:51 751] tts        317  TTS_LOCAL_CB_OUTPUT  101  udata(cc0164d8) 54  
[2020/10/11 15:24:51 752] tts        321  udata(cc0164d8) 54  
[2020/10/11 15:24:51 752] tts        317  TTS_LOCAL_CB_OUTPUT  101  udata(cc0165d8) 54  
[2020/10/11 15:24:51 752] tts        321  udata(cc0165d8) 54  
[2020/10/11 15:24:51 752] tts        317  TTS_LOCAL_CB_OUTPUT  101  udata(cc0166d8) 54  
[2020/10/11 15:24:51 752] tts        321  udata(cc0166d8) 54  
[2020/10/11 15:24:51 753] tts        317  TTS_LOCAL_CB_OUTPUT  101  udata(cc0167d8) 54  
[2020/10/11 15:24:51 753] tts        321  udata(cc0167d8) 54  
[2020/10/11 15:24:51 753] tts        317  TTS_LOCAL_CB_OUTPUT  101  udata(cc076498) 54  
[2020/10/11 15:24:51 753] tts        321  udata(cc076498) 54  
[2020/10/11 15:24:51 754] tts        317  TTS_LOCAL_CB_OUTPUT  101  udata(cc076598) 54  
[2020/10/11 15:24:51 754] tts        321  udata(cc076598) 54  
[2020/10/11 15:24:51 754] tts        792  TTS_MSG_GETAUDIO  0  
[2020/10/11 15:24:51 754] tts        557  get audio|use local  
[2020/10/11 15:24:51 754] tts        570  local audiolen:  512  ,ced:  15  
[2020/10/11 15:24:51 755] tts        599  0  udata(cc076698) 1  
[2020/10/11 15:24:51 755] tts        792  TTS_MSG_GETAUDIO  0  
[2020/10/11 15:24:51 755] tts        557  get audio|use local  
[2020/10/11 15:24:51 755] tts        570  local audiolen:  512  ,ced:  15  
[2020/10/11 15:24:51 755] tts        599  0  udata(cc076748) 1  
[2020/10/11 15:24:51 756] tts        792  TTS_MSG_GETAUDIO  0  
[2020/10/11 15:24:51 756] tts        557  get audio|use local  
[2020/10/11 15:24:51 756] tts        570  local audiolen:  512  ,ced:  15  
[2020/10/11 15:24:51 756] tts        599  0  udata(cc076798) 1  
[2020/10/11 15:24:51 757] tts        317  TTS_LOCAL_CB_OUTPUT  101  udata(cc01e2b8) 54  
[2020/10/11 15:24:51 757] tts        321  udata(cc01e2b8) 54  
[2020/10/11 15:24:51 758] tts        317  TTS_LOCAL_CB_OUTPUT  101  udata(cc01e358) 54  
[2020/10/11 15:24:51 758] tts        321  udata(cc01e358) 54  
[2020/10/11 15:24:51 759] tts        317  TTS_LOCAL_CB_OUTPUT  101  udata(cc01e458) 54  
[2020/10/11 15:24:51 759] tts        321  udata(cc01e458) 54  
[2020/10/11 15:24:51 759] tts        317  TTS_LOCAL_CB_OUTPUT  101  udata(cc01e558) 54  
[2020/10/11 15:24:51 759] tts        321  udata(cc01e558) 54  
[2020/10/11 15:24:51 759] tts        317  TTS_LOCAL_CB_OUTPUT  101  udata(cc01e658) 54  
[2020/10/11 15:24:51 759] tts        321  udata(cc01e658) 54  
[2020/10/11 15:24:51 762] tts        317  TTS_LOCAL_CB_OUTPUT  101  udata(cc091028) 54  
[2020/10/11 15:24:51 762] tts        321  udata(cc091028) 54  
[2020/10/11 15:24:51 763] tts        317  TTS_LOCAL_CB_OUTPUT  101  udata(cc091128) 54  
[2020/10/11 15:24:51 763] tts        321  udata(cc091128) 54  
[2020/10/11 15:24:51 763] tts        317  TTS_LOCAL_CB_OUTPUT  101  udata(cc091228) 54  
[2020/10/11 15:24:51 763] tts        321  udata(cc091228) 54  
[2020/10/11 15:24:51 764] tts        317  TTS_LOCAL_CB_OUTPUT  101  udata(cc091328) 54  
[2020/10/11 15:24:51 764] tts        321  udata(cc091328) 54  
[2020/10/11 15:24:51 764] tts        317  TTS_LOCAL_CB_OUTPUT  101  udata(cc091428) 54  
[2020/10/11 15:24:51 764] tts        321  udata(cc091428) 54  
[2020/10/11 15:24:51 765] tts        317  TTS_LOCAL_CB_OUTPUT  101  udata(cc039488) 54  
[2020/10/11 15:24:51 765] tts        321  udata(cc039488) 54  
[2020/10/11 15:24:51 765] tts        317  TTS_LOCAL_CB_OUTPUT  101  udata(cc039588) 54  
[2020/10/11 15:24:51 765] tts        321  udata(cc039588) 54  
[2020/10/11 15:24:51 766] tts        317  TTS_LOCAL_CB_OUTPUT  101  udata(cc039688) 54  
[2020/10/11 15:24:51 766] tts        321  udata(cc039688) 54  
[2020/10/11 15:24:51 766] tts        317  TTS_LOCAL_CB_OUTPUT  101  udata(cc039788) 54  
[2020/10/11 15:24:51 766] tts        321  udata(cc039788) 54  
[2020/10/11 15:24:51 767] tts        317  TTS_LOCAL_CB_OUTPUT  101  udata(cc005178) 54  
[2020/10/11 15:24:51 767] tts        321  udata(cc005178) 54  
[2020/10/11 15:24:51 767] tts        317  TTS_LOCAL_CB_OUTPUT  101  udata(cc005278) 54  
[2020/10/11 15:24:51 767] tts        321  udata(cc005278) 54  
[2020/10/11 15:24:51 767] tts        317  TTS_LOCAL_CB_OUTPUT  101  udata(cc005378) 54  
[2020/10/11 15:24:51 767] tts        321  udata(cc005378) 54  
[2020/10/11 15:24:51 768] tts        317  TTS_LOCAL_CB_OUTPUT  101  udata(cc005478) 54  
[2020/10/11 15:24:51 768] tts        321  udata(cc005478) 54  
[2020/10/11 15:24:51 768] tts        317  TTS_LOCAL_CB_OUTPUT  101  udata(cc02a3c8) 69  
[2020/10/11 15:24:51 768] tts        321  udata(cc02a3c8) 69  
[2020/10/11 15:24:51 768] tts        317  TTS_LOCAL_CB_OUTPUT  101  udata(cc02a4c8) 69  
[2020/10/11 15:24:51 768] tts        321  udata(cc02a4c8) 69  
[2020/10/11 15:24:51 769] tts        317  TTS_LOCAL_CB_OUTPUT  101  udata(cc02a5c8) 69  
[2020/10/11 15:24:51 769] tts        321  udata(cc02a5c8) 69  
[2020/10/11 15:24:51 769] tts        317  TTS_LOCAL_CB_OUTPUT  101  udata(cc02a6c8) 69  
[2020/10/11 15:24:51 769] tts        321  udata(cc02a6c8) 69  
[2020/10/11 15:24:51 769] tts        317  TTS_LOCAL_CB_OUTPUT  101  udata(cc02a7c8) 69  
[2020/10/11 15:24:51 769] tts        321  udata(cc02a7c8) 69  
[2020/10/11 15:24:51 770] tts        317  TTS_LOCAL_CB_OUTPUT  101  udata(cc02a868) 69  
[2020/10/11 15:24:51 770] tts        321  udata(cc02a868) 69  
[2020/10/11 15:24:51 770] tts        317  TTS_LOCAL_CB_OUTPUT  101  udata(cc090b78) 69  
[2020/10/11 15:24:51 770] tts        321  udata(cc090b78) 69  
[2020/10/11 15:24:51 770] tts        317  TTS_LOCAL_CB_OUTPUT  101  udata(cc090c78) 69  
[2020/10/11 15:24:51 770] tts        321  udata(cc090c78) 69  
[2020/10/11 15:24:51 771] tts        317  TTS_LOCAL_CB_OUTPUT  101  udata(cc090d78) 69  
[2020/10/11 15:24:51 771] tts        321  udata(cc090d78) 69  
[2020/10/11 15:24:51 771] tts        317  TTS_LOCAL_CB_OUTPUT  101  udata(cc090e78) 69  
[2020/10/11 15:24:51 771] tts        321  udata(cc090e78) 69  
[2020/10/11 15:24:51 771] tts        317  TTS_LOCAL_CB_OUTPUT  101  udata(cc002768) 69  
[2020/10/11 15:24:51 772] tts        321  udata(cc002768) 69  
[2020/10/11 15:24:51 772] tts        317  TTS_LOCAL_CB_OUTPUT  101  udata(cc002868) 69  
[2020/10/11 15:24:51 772] tts        321  udata(cc002868) 69  
[2020/10/11 15:24:51 772] tts        317  TTS_LOCAL_CB_OUTPUT  101  udata(cc002968) 69  
[2020/10/11 15:24:51 772] tts        321  udata(cc002968) 69  
[2020/10/11 15:24:51 773] tts        317  TTS_LOCAL_CB_OUTPUT  101  udata(cc002a68) 69  
[2020/10/11 15:24:51 773] tts        321  udata(cc002a68) 69  
[2020/10/11 15:24:51 773] tts        317  TTS_LOCAL_CB_OUTPUT  101  udata(cc002b68) 69  
[2020/10/11 15:24:51 773] tts        321  udata(cc002b68) 69  
[2020/10/11 15:24:51 773] tts        317  TTS_LOCAL_CB_OUTPUT  101  udata(cc059c38) 69  
[2020/10/11 15:24:51 773] tts        321  udata(cc059c38) 69  
[2020/10/11 15:24:51 774] tts        317  TTS_LOCAL_CB_OUTPUT  101  udata(cc059d38) 69  
[2020/10/11 15:24:51 774] tts        321  udata(cc059d38) 69  
[2020/10/11 15:24:51 774] tts        317  TTS_LOCAL_CB_OUTPUT  101  udata(cc059e38) 69  
[2020/10/11 15:24:51 774] tts        321  udata(cc059e38) 69  
[2020/10/11 15:24:51 774] tts        317  TTS_LOCAL_CB_OUTPUT  101  udata(cc059f38) 69  
[2020/10/11 15:24:51 774] tts        321  udata(cc059f38) 69  
[2020/10/11 15:24:51 775] tts        317  TTS_LOCAL_CB_OUTPUT  101  udata(cc05a038) 69  
[2020/10/11 15:24:51 775] tts        321  udata(cc05a038) 69  
[2020/10/11 15:24:51 775] tts        317  TTS_LOCAL_CB_OUTPUT  101  udata(cc05a138) 69  
[2020/10/11 15:24:51 775] tts        321  udata(cc05a138) 69  
[2020/10/11 15:24:51 775] tts        317  TTS_LOCAL_CB_OUTPUT  101  udata(cc01ea48) 69  
[2020/10/11 15:24:51 775] tts        321  udata(cc01ea48) 69  
[2020/10/11 15:24:51 776] tts        317  TTS_LOCAL_CB_OUTPUT  101  udata(cc01eb48) 69  
[2020/10/11 15:24:51 776] tts        321  udata(cc01eb48) 69  
[2020/10/11 15:24:51 776] tts        317  TTS_LOCAL_CB_OUTPUT  101  udata(cc01ec48) 69  
[2020/10/11 15:24:51 776] tts        321  udata(cc01ec48) 69  
[2020/10/11 15:24:51 776] tts        317  TTS_LOCAL_CB_OUTPUT  101  udata(cc01ed48) 69  
[2020/10/11 15:24:51 776] tts        321  udata(cc01ed48) 69  
[2020/10/11 15:24:51 777] tts        317  TTS_LOCAL_CB_OUTPUT  101  udata(cc01ee48) 69  
[2020/10/11 15:24:51 777] tts        321  udata(cc01ee48) 69  
[2020/10/11 15:24:51 777] tts        317  TTS_LOCAL_CB_OUTPUT  101  udata(cc06b0c8) 69  
[2020/10/11 15:24:51 777] tts        321  udata(cc06b0c8) 69  
[2020/10/11 15:24:51 777] tts        317  TTS_LOCAL_CB_OUTPUT  101  udata(cc06b1c8) 69  
[2020/10/11 15:24:51 777] tts        321  udata(cc06b1c8) 69  
[2020/10/11 15:24:51 777] tts        317  TTS_LOCAL_CB_OUTPUT  101  udata(cc06b2c8) 69  
[2020/10/11 15:24:51 777] tts        321  udata(cc06b2c8) 69  
[2020/10/11 15:24:51 777] tts        317  TTS_LOCAL_CB_OUTPUT  101  udata(cc06b3c8) 69  
[2020/10/11 15:24:51 777] tts        321  udata(cc06b3c8) 69  
[2020/10/11 15:24:51 777] tts        317  TTS_LOCAL_CB_OUTPUT  101  udata(cc06b4c8) 69  
[2020/10/11 15:24:51 777] tts        321  udata(cc06b4c8) 69  
[2020/10/11 15:24:51 778] tts        303  0  0  
[2020/10/11 15:24:51 778] tts        314  TTS_LOCAL_CB_END,  2  
[2020/10/11 15:24:51 778] tts        792  TTS_MSG_GETAUDIO  0  
[2020/10/11 15:24:51 778] tts        557  get audio|use local  
[2020/10/11 15:24:51 778] tts        570  local audiolen:  512  ,ced:  15  
[2020/10/11 15:24:51 778] tts        599  0  udata(cc06b618) 1  
[2020/10/11 15:24:51 778] tts        792  TTS_MSG_GETAUDIO  0  
[2020/10/11 15:24:51 778] tts        557  get audio|use local  
[2020/10/11 15:24:51 778] tts        570  local audiolen:  512  ,ced:  15  
[2020/10/11 15:24:51 778] tts        599  0  udata(cc2d1548) 1  
[2020/10/11 15:24:51 779] tts        792  TTS_MSG_GETAUDIO  0  
[2020/10/11 15:24:51 779] tts        557  get audio|use local  
[2020/10/11 15:24:51 779] tts        570  local audiolen:  512  ,ced:  15  
[2020/10/11 15:24:51 779] tts        599  0  udata(cc2d1598) 1  
[2020/10/11 15:24:51 779] tts        792  TTS_MSG_GETAUDIO  0  
[2020/10/11 15:24:51 779] tts        557  get audio|use local  
[2020/10/11 15:24:51 779] tts        570  local audiolen:  512  ,ced:  15  
[2020/10/11 15:24:51 779] tts        599  0  udata(cc2d15e8) 1  
[2020/10/11 15:24:51 780] tts        792  TTS_MSG_GETAUDIO  0  
[2020/10/11 15:24:51 780] tts        557  get audio|use local  
[2020/10/11 15:24:51 780] tts        570  local audiolen:  512  ,ced:  15  
[2020/10/11 15:24:51 780] tts        599  0  udata(cc2d1638) 1  
[2020/10/11 15:24:51 780] tts        792  TTS_MSG_GETAUDIO  0  
[2020/10/11 15:24:51 780] tts        557  get audio|use local  
[2020/10/11 15:24:51 780] tts        570  local audiolen:  160  ,ced:  15  
[2020/10/11 15:24:51 780] tts        599  0  udata(cc091598) 1  
[2020/10/11 15:24:51 781] tts        792  TTS_MSG_GETAUDIO  0  
[2020/10/11 15:24:51 781] tts        557  get audio|use local  
[2020/10/11 15:24:51 781] tts        570  local audiolen:  212  ,ced:  30  
[2020/10/11 15:24:51 781] tts        599  0  udata(cc0914e8) 1  
[2020/10/11 15:24:51 781] tts        792  TTS_MSG_GETAUDIO  0  
[2020/10/11 15:24:51 781] tts        557  get audio|use local  
[2020/10/11 15:24:51 781] tts        570  local audiolen:  5092  ,ced:  30  
[2020/10/11 15:24:51 781] tts        599  0  udata(cc091538) 1  
[2020/10/11 15:24:51 782] tts        792  TTS_MSG_GETAUDIO  0  
[2020/10/11 15:24:51 782] tts        557  get audio|use local  
[2020/10/11 15:24:51 782] tts        570  local audiolen:  7676  ,ced:  30  
[2020/10/11 15:24:51 782] tts        599  0  udata(cc06b668) 1  
[2020/10/11 15:24:51 782] tts        792  TTS_MSG_GETAUDIO  0  
[2020/10/11 15:24:51 782] tts        557  get audio|use local  
[2020/10/11 15:24:51 782] tts        570  local audiolen:  4732  ,ced:  30  
[2020/10/11 15:24:51 782] tts        599  0  udata(cc06b6b8) 1  
[2020/10/11 15:24:51 783] tts        792  TTS_MSG_GETAUDIO  0  
[2020/10/11 15:24:51 783] tts        557  get audio|use local  
[2020/10/11 15:24:51 783] tts        570  local audiolen:  3870  ,ced:  30  
[2020/10/11 15:24:51 783] tts        599  0  udata(cc29a7a8) 1  
[2020/10/11 15:24:51 783] tts        792  TTS_MSG_GETAUDIO  0  
[2020/10/11 15:24:51 783] tts        557  get audio|use local  
[2020/10/11 15:24:51 784] tts        570  local audiolen:  12262  ,ced:  30  
[2020/10/11 15:24:51 784] tts        599  0  udata(cc0915e8) 1  
[2020/10/11 15:24:51 784] tts        792  TTS_MSG_GETAUDIO  0  
[2020/10/11 15:24:51 784] tts        557  get audio|use local  
[2020/10/11 15:24:51 784] tts        570  local audiolen:  512  ,ced:  30  
[2020/10/11 15:24:51 784] tts        599  0  udata(cc2d1898) 1  
[2020/10/11 15:24:51 785] tts        792  TTS_MSG_GETAUDIO  0  
[2020/10/11 15:24:51 785] tts        557  get audio|use local  
[2020/10/11 15:24:51 785] tts        570  local audiolen:  512  ,ced:  30  
[2020/10/11 15:24:51 785] tts        599  0  udata(cc091698) 1  
[2020/10/11 15:24:51 786] tts        792  TTS_MSG_GETAUDIO  0  
[2020/10/11 15:24:51 786] tts        557  get audio|use local  
[2020/10/11 15:24:51 786] tts        570  local audiolen:  512  ,ced:  30  
[2020/10/11 15:24:51 786] tts        599  0  udata(cc2d18e8) 1  
[2020/10/11 15:24:51 786] tts        792  TTS_MSG_GETAUDIO  0  
[2020/10/11 15:24:51 786] tts        557  get audio|use local  
[2020/10/11 15:24:51 786] tts        570  local audiolen:  512  ,ced:  30  
[2020/10/11 15:24:51 786] tts        599  0  udata(cc2d1938) 1  
[2020/10/11 15:24:51 787] tts        792  TTS_MSG_GETAUDIO  0  
[2020/10/11 15:24:51 787] tts        557  get audio|use local  
[2020/10/11 15:24:51 787] tts        570  local audiolen:  512  ,ced:  30  
[2020/10/11 15:24:51 787] tts        599  0  udata(cc2d1988) 1  
[2020/10/11 15:24:51 788] tts        792  TTS_MSG_GETAUDIO  0  
[2020/10/11 15:24:51 788] tts        557  get audio|use local  
[2020/10/11 15:24:51 788] tts        570  local audiolen:  512  ,ced:  30  
[2020/10/11 15:24:51 788] tts        599  0  udata(cc2d19d8) 1  
[2020/10/11 15:24:51 788] tts        792  TTS_MSG_GETAUDIO  0  
[2020/10/11 15:24:51 788] tts        557  get audio|use local  
[2020/10/11 15:24:51 788] tts        570  local audiolen:  512  ,ced:  30  
[2020/10/11 15:24:51 789] tts        599  0  udata(cc2d1a28) 1  
[2020/10/11 15:24:51 789] tts        792  TTS_MSG_GETAUDIO  0  
[2020/10/11 15:24:51 789] tts        557  get audio|use local  
[2020/10/11 15:24:51 789] tts        570  local audiolen:  512  ,ced:  30  
[2020/10/11 15:24:51 789] tts        599  0  udata(cc2d1a78) 1  
[2020/10/11 15:24:51 790] tts        792  TTS_MSG_GETAUDIO  0  
[2020/10/11 15:24:51 790] tts        557  get audio|use local  
[2020/10/11 15:24:51 790] tts        570  local audiolen:  512  ,ced:  30  
[2020/10/11 15:24:51 790] tts        599  0  udata(cc015c68) 1  
[2020/10/11 15:24:51 790] tts        792  TTS_MSG_GETAUDIO  0  
[2020/10/11 15:24:51 791] tts        557  get audio|use local  
[2020/10/11 15:24:51 791] tts        570  local audiolen:  512  ,ced:  30  
[2020/10/11 15:24:51 791] tts        599  0  udata(cc015cb8) 1  
[2020/10/11 15:24:51 791] tts        792  TTS_MSG_GETAUDIO  0  
[2020/10/11 15:24:51 791] tts        557  get audio|use local  
[2020/10/11 15:24:51 791] tts        570  local audiolen:  512  ,ced:  30  
[2020/10/11 15:24:51 791] tts        599  0  udata(cc015d08) 1  
[2020/10/11 15:24:51 792] tts        792  TTS_MSG_GETAUDIO  0  
[2020/10/11 15:24:51 792] tts        557  get audio|use local  
[2020/10/11 15:24:51 792] tts        570  local audiolen:  512  ,ced:  30  
[2020/10/11 15:24:51 792] tts        599  0  udata(cc015d58) 1  
[2020/10/11 15:24:51 793] tts        792  TTS_MSG_GETAUDIO  0  
[2020/10/11 15:24:51 793] tts        557  get audio|use local  
[2020/10/11 15:24:51 793] tts        570  local audiolen:  512  ,ced:  30  
[2020/10/11 15:24:51 793] tts        599  0  udata(cc015da8) 1  
[2020/10/11 15:24:51 793] tts        792  TTS_MSG_GETAUDIO  0  
[2020/10/11 15:24:51 793] tts        557  get audio|use local  
[2020/10/11 15:24:51 793] tts        570  local audiolen:  512  ,ced:  30  
[2020/10/11 15:24:51 793] tts        599  0  udata(cc015df8) 1  
[2020/10/11 15:24:51 794] tts        792  TTS_MSG_GETAUDIO  0  
[2020/10/11 15:24:51 794] tts        557  get audio|use local  
[2020/10/11 15:24:51 794] tts        570  local audiolen:  512  ,ced:  30  
[2020/10/11 15:24:51 794] tts        599  0  udata(cc015e48) 1  
[2020/10/11 15:24:51 795] tts        792  TTS_MSG_GETAUDIO  0  
[2020/10/11 15:24:51 795] tts        557  get audio|use local  
[2020/10/11 15:24:51 795] tts        570  local audiolen:  512  ,ced:  30  
[2020/10/11 15:24:51 795] tts        599  0  udata(cc015e98) 1  
[2020/10/11 15:24:51 795] tts        792  TTS_MSG_GETAUDIO  0  
[2020/10/11 15:24:51 795] tts        557  get audio|use local  
[2020/10/11 15:24:51 796] tts        570  local audiolen:  512  ,ced:  30  
[2020/10/11 15:24:51 796] tts        599  0  udata(cc015ee8) 1  
[2020/10/11 15:24:51 796] tts        792  TTS_MSG_GETAUDIO  0  
[2020/10/11 15:24:51 796] tts        557  get audio|use local  
[2020/10/11 15:24:51 796] tts        570  local audiolen:  512  ,ced:  30  
[2020/10/11 15:24:51 796] tts        599  0  udata(cc015f38) 1  
[2020/10/11 15:24:51 797] tts        792  TTS_MSG_GETAUDIO  0  
[2020/10/11 15:24:51 797] tts        557  get audio|use local  
[2020/10/11 15:24:51 797] tts        570  local audiolen:  160  ,ced:  30  
[2020/10/11 15:24:51 797] tts        599  0  udata(cc2d1738) 1  
[2020/10/11 15:24:51 798] tts        792  TTS_MSG_GETAUDIO  0  
[2020/10/11 15:24:51 798] tts        557  get audio|use local  
[2020/10/11 15:24:51 798] tts        570  local audiolen:  212  ,ced:  54  
[2020/10/11 15:24:51 798] tts        599  0  udata(cc2d1688) 1  
[2020/10/11 15:24:51 798] tts        792  TTS_MSG_GETAUDIO  0  
[2020/10/11 15:24:51 798] tts        557  get audio|use local  
[2020/10/11 15:24:51 798] tts        570  local audiolen:  4902  ,ced:  54  
[2020/10/11 15:24:51 798] tts        599  0  udata(cc2d16d8) 1  
[2020/10/11 15:24:51 799] tts        792  TTS_MSG_GETAUDIO  0  
[2020/10/11 15:24:51 799] tts        557  get audio|use local  
[2020/10/11 15:24:51 799] tts        570  local audiolen:  7882  ,ced:  54  
[2020/10/11 15:24:51 799] tts        599  0  udata(cc091638) 1  
[2020/10/11 15:24:51 800] tts        792  TTS_MSG_GETAUDIO  0  
[2020/10/11 15:24:51 800] tts        557  get audio|use local  
[2020/10/11 15:24:51 800] tts        570  local audiolen:  7152  ,ced:  54  
[2020/10/11 15:24:51 800] tts        599  0  udata(cc2d1788) 1  
[2020/10/11 15:24:51 800] tts        792  TTS_MSG_GETAUDIO  0  
[2020/10/11 15:24:51 800] tts        557  get audio|use local  
[2020/10/11 15:24:51 801] tts        570  local audiolen:  8022  ,ced:  54  
[2020/10/11 15:24:51 801] tts        599  0  udata(cc004cc8) 1  
[2020/10/11 15:24:51 801] tts        792  TTS_MSG_GETAUDIO  0  
[2020/10/11 15:24:51 801] tts        557  get audio|use local  
[2020/10/11 15:24:51 801] tts        570  local audiolen:  4458  ,ced:  54  
[2020/10/11 15:24:51 801] tts        599  0  udata(cc2d17d8) 1  
[2020/10/11 15:24:51 802] tts        792  TTS_MSG_GETAUDIO  0  
[2020/10/11 15:24:51 802] tts        557  get audio|use local  
[2020/10/11 15:24:51 802] tts        570  local audiolen:  6772  ,ced:  54  
[2020/10/11 15:24:51 802] tts        599  0  udata(cc2d1828) 1  
[2020/10/11 15:24:51 803] tts        792  TTS_MSG_GETAUDIO  0  
[2020/10/11 15:24:51 803] tts        557  get audio|use local  
[2020/10/11 15:24:51 803] tts        570  local audiolen:  8710  ,ced:  54  
[2020/10/11 15:24:51 803] tts        599  0  udata(cc015b48) 1  
[2020/10/11 15:24:51 803] tts        792  TTS_MSG_GETAUDIO  0  
[2020/10/11 15:24:51 803] tts        557  get audio|use local  
[2020/10/11 15:24:51 803] tts        570  local audiolen:  8170  ,ced:  54  
[2020/10/11 15:24:51 804] tts        599  0  udata(cc015928) 1  
[2020/10/11 15:24:51 804] tts        792  TTS_MSG_GETAUDIO  0  
[2020/10/11 15:24:51 804] tts        557  get audio|use local  
[2020/10/11 15:24:51 804] tts        570  local audiolen:  512  ,ced:  54  
[2020/10/11 15:24:51 804] tts        599  0  udata(cc016198) 1  
[2020/10/11 15:24:51 805] tts        792  TTS_MSG_GETAUDIO  0  
[2020/10/11 15:24:51 805] tts        557  get audio|use local  
[2020/10/11 15:24:51 805] tts        570  local audiolen:  512  ,ced:  54  
[2020/10/11 15:24:51 805] tts        599  0  udata(cc0159d8) 1  
[2020/10/11 15:24:51 805] tts        792  TTS_MSG_GETAUDIO  0  
[2020/10/11 15:24:51 806] tts        557  get audio|use local  
[2020/10/11 15:24:51 806] tts        570  local audiolen:  512  ,ced:  54  
[2020/10/11 15:24:51 806] tts        599  0  udata(cc015a28) 1  
[2020/10/11 15:24:51 806] tts        792  TTS_MSG_GETAUDIO  0  
[2020/10/11 15:24:51 806] tts        557  get audio|use local  
[2020/10/11 15:24:51 806] tts        570  local audiolen:  512  ,ced:  54  
[2020/10/11 15:24:51 806] tts        599  0  udata(cc015a78) 1  
[2020/10/11 15:24:51 807] tts        792  TTS_MSG_GETAUDIO  0  
[2020/10/11 15:24:51 807] tts        557  get audio|use local  
[2020/10/11 15:24:51 807] tts        570  local audiolen:  512  ,ced:  54  
[2020/10/11 15:24:51 807] tts        599  0  udata(cc015ac8) 1  
[2020/10/11 15:24:51 808] tts        792  TTS_MSG_GETAUDIO  0  
[2020/10/11 15:24:51 808] tts        557  get audio|use local  
[2020/10/11 15:24:51 808] tts        570  local audiolen:  512  ,ced:  54  
[2020/10/11 15:24:51 808] tts        599  0  udata(cc0161e8) 1  
[2020/10/11 15:24:51 808] tts        792  TTS_MSG_GETAUDIO  0  
[2020/10/11 15:24:51 808] tts        557  get audio|use local  
[2020/10/11 15:24:51 808] tts        570  local audiolen:  512  ,ced:  54  
[2020/10/11 15:24:51 808] tts        599  0  udata(cc016238) 1  
[2020/10/11 15:24:51 809] tts        792  TTS_MSG_GETAUDIO  0  
[2020/10/11 15:24:51 809] tts        557  get audio|use local  
[2020/10/11 15:24:51 809] tts        570  local audiolen:  512  ,ced:  54  
[2020/10/11 15:24:51 809] tts        599  0  udata(cc016288) 1  
[2020/10/11 15:24:51 810] tts        792  TTS_MSG_GETAUDIO  0  
[2020/10/11 15:24:51 810] tts        557  get audio|use local  
[2020/10/11 15:24:51 810] tts        570  local audiolen:  512  ,ced:  54  
[2020/10/11 15:24:51 810] tts        599  0  udata(cc0162d8) 1  
[2020/10/11 15:24:51 810] tts        792  TTS_MSG_GETAUDIO  0  
[2020/10/11 15:24:51 810] tts        557  get audio|use local  
[2020/10/11 15:24:51 811] tts        570  local audiolen:  512  ,ced:  54  
[2020/10/11 15:24:51 811] tts        599  0  udata(cc0089d8) 1  
[2020/10/11 15:24:51 811] tts        792  TTS_MSG_GETAUDIO  0  
[2020/10/11 15:24:51 811] tts        557  get audio|use local  
[2020/10/11 15:24:51 811] tts        570  local audiolen:  512  ,ced:  54  
[2020/10/11 15:24:51 811] tts        599  0  udata(cc008a28) 1  
[2020/10/11 15:24:51 812] tts        792  TTS_MSG_GETAUDIO  0  
[2020/10/11 15:24:51 812] tts        557  get audio|use local  
[2020/10/11 15:24:51 812] tts        570  local audiolen:  512  ,ced:  54  
[2020/10/11 15:24:51 812] tts        599  0  udata(cc008a78) 1  
[2020/10/11 15:24:51 813] tts        792  TTS_MSG_GETAUDIO  0  
[2020/10/11 15:24:51 813] tts        557  get audio|use local  
[2020/10/11 15:24:51 813] tts        570  local audiolen:  512  ,ced:  54  
[2020/10/11 15:24:51 813] tts        599  0  udata(cc008ac8) 1  
[2020/10/11 15:24:51 813] tts        792  TTS_MSG_GETAUDIO  0  
[2020/10/11 15:24:51 813] tts        557  get audio|use local  
[2020/10/11 15:24:51 813] tts        570  local audiolen:  512  ,ced:  54  
[2020/10/11 15:24:51 813] tts        599  0  udata(cc008b18) 1  
[2020/10/11 15:24:51 814] tts        792  TTS_MSG_GETAUDIO  0  
[2020/10/11 15:24:51 814] tts        557  get audio|use local  
[2020/10/11 15:24:51 814] tts        570  local audiolen:  512  ,ced:  54  
[2020/10/11 15:24:51 814] tts        599  0  udata(cc008b68) 1  
[2020/10/11 15:24:51 815] tts        792  TTS_MSG_GETAUDIO  0  
[2020/10/11 15:24:51 815] tts        557  get audio|use local  
[2020/10/11 15:24:51 815] tts        570  local audiolen:  512  ,ced:  54  
[2020/10/11 15:24:51 815] tts        599  0  udata(cc008bb8) 1  
[2020/10/11 15:24:51 815] tts        792  TTS_MSG_GETAUDIO  0  
[2020/10/11 15:24:51 815] tts        557  get audio|use local  
[2020/10/11 15:24:51 816] tts        570  local audiolen:  512  ,ced:  54  
[2020/10/11 15:24:51 816] tts        599  0  udata(cc008c08) 1  
[2020/10/11 15:24:51 816] tts        792  TTS_MSG_GETAUDIO  0  
[2020/10/11 15:24:51 816] tts        557  get audio|use local  
[2020/10/11 15:24:51 816] tts        570  local audiolen:  512  ,ced:  54  
[2020/10/11 15:24:51 816] tts        599  0  udata(cc008c58) 1  
[2020/10/11 15:24:51 817] tts        792  TTS_MSG_GETAUDIO  0  
[2020/10/11 15:24:51 817] tts        557  get audio|use local  
[2020/10/11 15:24:51 817] tts        570  local audiolen:  160  ,ced:  54  
[2020/10/11 15:24:51 817] tts        599  0  udata(cc016038) 1  
[2020/10/11 15:24:51 818] tts        792  TTS_MSG_GETAUDIO  0  
[2020/10/11 15:24:51 818] tts        557  get audio|use local  
[2020/10/11 15:24:51 818] tts        570  local audiolen:  212  ,ced:  69  
[2020/10/11 15:24:51 818] tts        599  0  udata(cc015f88) 1  
[2020/10/11 15:24:51 818] tts        792  TTS_MSG_GETAUDIO  0  
[2020/10/11 15:24:51 818] tts        557  get audio|use local  
[2020/10/11 15:24:51 818] tts        570  local audiolen:  4614  ,ced:  69  
[2020/10/11 15:24:51 818] tts        599  0  udata(cc015fd8) 1  
[2020/10/11 15:24:51 819] tts        792  TTS_MSG_GETAUDIO  0  
[2020/10/11 15:24:51 819] tts        557  get audio|use local  
[2020/10/11 15:24:51 819] tts        570  local audiolen:  7936  ,ced:  69  
[2020/10/11 15:24:51 819] tts        599  0  udata(cc015978) 1  
[2020/10/11 15:24:51 820] tts        792  TTS_MSG_GETAUDIO  0  
[2020/10/11 15:24:51 820] tts        557  get audio|use local  
[2020/10/11 15:24:51 820] tts        570  local audiolen:  5066  ,ced:  69  
[2020/10/11 15:24:51 820] tts        599  0  udata(cc016088) 1  
[2020/10/11 15:24:51 820] tts        792  TTS_MSG_GETAUDIO  0  
[2020/10/11 15:24:51 820] tts        557  get audio|use local  
[2020/10/11 15:24:51 820] tts        570  local audiolen:  6584  ,ced:  69  
[2020/10/11 15:24:51 821] tts        599  0  udata(cc048a58) 1  
[2020/10/11 15:24:51 821] tts        792  TTS_MSG_GETAUDIO  0  
[2020/10/11 15:24:51 821] tts        557  get audio|use local  
[2020/10/11 15:24:51 821] tts        570  local audiolen:  8516  ,ced:  69  
[2020/10/11 15:24:51 821] tts        599  0  udata(cc0160d8) 1  
[2020/10/11 15:24:51 822] tts        792  TTS_MSG_GETAUDIO  0  
[2020/10/11 15:24:51 822] tts        557  get audio|use local  
[2020/10/11 15:24:51 822] tts        570  local audiolen:  512  ,ced:  69  
[2020/10/11 15:24:51 822] tts        599  0  udata(cc008eb8) 1  
[2020/10/11 15:24:51 822] tts        792  TTS_MSG_GETAUDIO  0  
[2020/10/11 15:24:51 822] tts        557  get audio|use local  
[2020/10/11 15:24:51 822] tts        570  local audiolen:  512  ,ced:  69  
[2020/10/11 15:24:51 822] tts        599  0  udata(cc008f68) 1  
[2020/10/11 15:24:51 823] tts        792  TTS_MSG_GETAUDIO  0  
[2020/10/11 15:24:51 823] tts        557  get audio|use local  
[2020/10/11 15:24:51 823] tts        570  local audiolen:  512  ,ced:  69  
[2020/10/11 15:24:51 823] tts        599  0  udata(cc008fb8) 1  
[2020/10/11 15:24:51 824] tts        792  TTS_MSG_GETAUDIO  0  
[2020/10/11 15:24:51 824] tts        557  get audio|use local  
[2020/10/11 15:24:51 824] tts        570  local audiolen:  512  ,ced:  69  
[2020/10/11 15:24:51 824] tts        599  0  udata(cc009008) 1  
[2020/10/11 15:24:51 824] tts        792  TTS_MSG_GETAUDIO  0  
[2020/10/11 15:24:51 824] tts        557  get audio|use local  
[2020/10/11 15:24:51 824] tts        570  local audiolen:  512  ,ced:  69  
[2020/10/11 15:24:51 824] tts        599  0  udata(cc009058) 1  
[2020/10/11 15:24:51 825] tts        792  TTS_MSG_GETAUDIO  0  
[2020/10/11 15:24:51 825] tts        557  get audio|use local  
[2020/10/11 15:24:51 825] tts        570  local audiolen:  512  ,ced:  69  
[2020/10/11 15:24:51 825] tts        599  0  udata(cc0090a8) 1  
[2020/10/11 15:24:51 826] tts        792  TTS_MSG_GETAUDIO  0  
[2020/10/11 15:24:51 826] tts        557  get audio|use local  
[2020/10/11 15:24:51 826] tts        570  local audiolen:  512  ,ced:  69  
[2020/10/11 15:24:51 826] tts        599  0  udata(cc06bb78) 1  
[2020/10/11 15:24:51 826] tts        792  TTS_MSG_GETAUDIO  0  
[2020/10/11 15:24:51 826] tts        557  get audio|use local  
[2020/10/11 15:24:51 826] tts        570  local audiolen:  512  ,ced:  69  
[2020/10/11 15:24:51 826] tts        599  0  udata(cc06bbc8) 1  
[2020/10/11 15:24:51 827] tts        792  TTS_MSG_GETAUDIO  0  
[2020/10/11 15:24:51 827] tts        557  get audio|use local  
[2020/10/11 15:24:51 827] tts        570  local audiolen:  512  ,ced:  69  
[2020/10/11 15:24:51 827] tts        599  0  udata(cc06bc18) 1  
[2020/10/11 15:24:51 828] tts        792  TTS_MSG_GETAUDIO  0  
[2020/10/11 15:24:51 828] tts        557  get audio|use local  
[2020/10/11 15:24:51 828] tts        570  local audiolen:  512  ,ced:  69  
[2020/10/11 15:24:51 828] tts        599  0  udata(cc06bc68) 1  
[2020/10/11 15:24:51 828] tts        792  TTS_MSG_GETAUDIO  0  
[2020/10/11 15:24:51 828] tts        557  get audio|use local  
[2020/10/11 15:24:51 829] tts        570  local audiolen:  512  ,ced:  69  
[2020/10/11 15:24:51 829] tts        599  0  udata(cc06bcb8) 1  
[2020/10/11 15:24:51 829] tts        792  TTS_MSG_GETAUDIO  0  
[2020/10/11 15:24:51 829] tts        557  get audio|use local  
[2020/10/11 15:24:51 829] tts        570  local audiolen:  512  ,ced:  69  
[2020/10/11 15:24:51 829] tts        599  0  udata(cc06bd08) 1  
[2020/10/11 15:24:51 830] tts        792  TTS_MSG_GETAUDIO  0  
[2020/10/11 15:24:51 830] tts        557  get audio|use local  
[2020/10/11 15:24:51 830] tts        570  local audiolen:  512  ,ced:  69  
[2020/10/11 15:24:51 830] tts        599  0  udata(cc06bd58) 1  
[2020/10/11 15:24:51 831] tts        792  TTS_MSG_GETAUDIO  0  
[2020/10/11 15:24:51 831] tts        557  get audio|use local  
[2020/10/11 15:24:51 831] tts        570  local audiolen:  512  ,ced:  69  
[2020/10/11 15:24:51 831] tts        599  0  udata(cc06bda8) 1  
[2020/10/11 15:24:51 831] tts        792  TTS_MSG_GETAUDIO  0  
[2020/10/11 15:24:51 831] tts        557  get audio|use local  
[2020/10/11 15:24:51 831] tts        570  local audiolen:  512  ,ced:  69  
[2020/10/11 15:24:51 831] tts        599  0  udata(cc06bdf8) 1  
[2020/10/11 15:24:51 832] tts        792  TTS_MSG_GETAUDIO  0  
[2020/10/11 15:24:51 832] tts        557  get audio|use local  
[2020/10/11 15:24:51 832] tts        570  local audiolen:  512  ,ced:  69  
[2020/10/11 15:24:51 832] tts        599  0  udata(cc06be48) 1  
[2020/10/11 15:24:51 832] tts        792  TTS_MSG_GETAUDIO  0  
[2020/10/11 15:24:51 832] tts        557  get audio|use local  
[2020/10/11 15:24:51 832] tts        570  local audiolen:  512  ,ced:  69  
[2020/10/11 15:24:51 832] tts        599  0  udata(cc06be98) 1  
[2020/10/11 15:24:51 833] tts        792  TTS_MSG_GETAUDIO  0  
[2020/10/11 15:24:51 833] tts        557  get audio|use local  
[2020/10/11 15:24:51 833] tts        570  local audiolen:  512  ,ced:  69  
[2020/10/11 15:24:51 833] tts        599  0  udata(cc06bee8) 1  
[2020/10/11 15:24:51 833] tts        792  TTS_MSG_GETAUDIO  0  
[2020/10/11 15:24:51 833] tts        557  get audio|use local  
[2020/10/11 15:24:51 833] tts        570  local audiolen:  512  ,ced:  69  
[2020/10/11 15:24:51 833] tts        599  0  udata(cc06bf38) 1  
[2020/10/11 15:24:51 834] tts        792  TTS_MSG_GETAUDIO  0  
[2020/10/11 15:24:51 834] tts        557  get audio|use local  
[2020/10/11 15:24:51 834] tts        570  local audiolen:  512  ,ced:  69  
[2020/10/11 15:24:51 834] tts        599  0  udata(cc06bf88) 1  
[2020/10/11 15:24:51 834] tts        792  TTS_MSG_GETAUDIO  0  
[2020/10/11 15:24:51 834] tts        557  get audio|use local  
[2020/10/11 15:24:51 834] tts        570  local audiolen:  512  ,ced:  69  
[2020/10/11 15:24:51 835] tts        599  0  udata(cc06bfd8) 1  
[2020/10/11 15:24:51 835] tts        792  TTS_MSG_GETAUDIO  0  
[2020/10/11 15:24:51 835] tts        557  get audio|use local  
[2020/10/11 15:24:51 835] tts        570  local audiolen:  512  ,ced:  69  
[2020/10/11 15:24:51 835] tts        599  0  udata(cc06c028) 1  
[2020/10/11 15:24:51 835] tts        792  TTS_MSG_GETAUDIO  0  
[2020/10/11 15:24:51 836] tts        557  get audio|use local  
[2020/10/11 15:24:51 836] tts        570  local audiolen:  512  ,ced:  69  
[2020/10/11 15:24:51 836] tts        599  0  udata(cc06c078) 1  
[2020/10/11 15:24:51 836] tts        792  TTS_MSG_GETAUDIO  0  
[2020/10/11 15:24:51 836] tts        557  get audio|use local  
[2020/10/11 15:24:51 836] tts        570  local audiolen:  512  ,ced:  69  
[2020/10/11 15:24:51 836] tts        599  0  udata(cc008ca8) 1  
[2020/10/11 15:24:51 837] tts        792  TTS_MSG_GETAUDIO  0  
[2020/10/11 15:24:51 837] tts        557  get audio|use local  
[2020/10/11 15:24:51 837] tts        570  local audiolen:  214  ,ced:  69  
[2020/10/11 15:24:51 837] tts        599  0  udata(cc008de8) 2  
[2020/10/11 15:24:51 837] tts        795  TTS_MSG_SSE  
[2020/10/11 15:24:51 838] tts        693  sse|use local  
[2020/10/11 15:24:51 838] tts        711  tts exit  
