============================================================
Time  2020/10/11 12:36:19 772 
============================================================
[2020/10/11 12:36:19 772] lgi        684  SYS_MSG_LOAD  
[2020/10/11 12:36:19 774] lgi        706  SYS_MSG_REGCB  msp_status_cb  func(f8013690) 
[2020/10/11 12:36:19 775] lgi        298  LGI_MSG_INIT  
[2020/10/11 12:36:19 775] lgi        305  lgi  lgi_  268436457  1573451739  
[2020/10/11 12:36:19 775] lgi        347  work_dir  .  
[2020/10/11 12:36:19 775] lgi        403  token:  nil  
[2020/10/11 12:36:19 775] lgi        476  msc cver : 5.0.44.1288  
[2020/10/11 12:36:19 776] lgi        519  ns_enable=  1  
[2020/10/11 12:36:19 776] lgi        531  prot_ver=1  
[2020/10/11 12:36:19 776] lgi        542  prot_type=tcp  
[2020/10/11 12:36:19 776] lgi        693  SYS_MSG_UNLOAD  go bg!  
[2020/10/11 12:36:30 977] lgi        697  SYS_MSG_SHUTDOWN  
============================================================
Time  2020/10/11 12:46:45 997 
============================================================
[2020/10/11 12:46:45 997] lgi        684  SYS_MSG_LOAD  
[2020/10/11 12:46:45 999] lgi        706  SYS_MSG_REGCB  msp_status_cb  func(b0013690) 
[2020/10/11 12:46:45 999] lgi        298  LGI_MSG_INIT  
[2020/10/11 12:46:46 000] lgi        305  lgi  lgi_  268436457  1573451739  
[2020/10/11 12:46:46 000] lgi        347  work_dir  .  
[2020/10/11 12:46:46 000] lgi        403  token:  nil  
[2020/10/11 12:46:46 000] lgi        476  msc cver : 5.0.44.1288  
[2020/10/11 12:46:46 000] lgi        519  ns_enable=  1  
[2020/10/11 12:46:46 000] lgi        531  prot_ver=1  
[2020/10/11 12:46:46 000] lgi        542  prot_type=tcp  
[2020/10/11 12:46:46 001] lgi        693  SYS_MSG_UNLOAD  go bg!  
[2020/10/11 12:46:59 868] lgi        697  SYS_MSG_SHUTDOWN  
============================================================
Time  2020/10/11 12:50:06 931 
============================================================
[2020/10/11 12:50:06 931] lgi        684  SYS_MSG_LOAD  
[2020/10/11 12:50:06 934] lgi        706  SYS_MSG_REGCB  msp_status_cb  func(a80136b0) 
[2020/10/11 12:50:06 934] lgi        298  LGI_MSG_INIT  
[2020/10/11 12:50:06 934] lgi        305  lgi  lgi_  268436457  1573451739  
[2020/10/11 12:50:06 935] lgi        347  work_dir  .  
[2020/10/11 12:50:06 935] lgi        403  token:  nil  
[2020/10/11 12:50:06 935] lgi        476  msc cver : 5.0.44.1288  
[2020/10/11 12:50:06 935] lgi        519  ns_enable=  1  
[2020/10/11 12:50:06 935] lgi        531  prot_ver=1  
[2020/10/11 12:50:06 935] lgi        542  prot_type=tcp  
[2020/10/11 12:50:06 936] lgi        693  SYS_MSG_UNLOAD  go bg!  
[2020/10/11 12:50:17 922] lgi        697  SYS_MSG_SHUTDOWN  
============================================================
Time  2020/10/11 12:52:53 673 
============================================================
[2020/10/11 12:52:53 673] lgi        684  SYS_MSG_LOAD  
[2020/10/11 12:52:53 675] lgi        706  SYS_MSG_REGCB  msp_status_cb  func(90013690) 
[2020/10/11 12:52:53 675] lgi        298  LGI_MSG_INIT  
[2020/10/11 12:52:53 676] lgi        305  lgi  lgi_  268436457  1573451739  
[2020/10/11 12:52:53 676] lgi        347  work_dir  .  
[2020/10/11 12:52:53 676] lgi        403  token:  nil  
[2020/10/11 12:52:53 676] lgi        476  msc cver : 5.0.44.1288  
[2020/10/11 12:52:53 676] lgi        519  ns_enable=  1  
[2020/10/11 12:52:53 676] lgi        531  prot_ver=1  
[2020/10/11 12:52:53 677] lgi        542  prot_type=tcp  
[2020/10/11 12:52:53 677] lgi        693  SYS_MSG_UNLOAD  go bg!  
============================================================
Time  2020/10/11 12:59:03 759 
============================================================
[2020/10/11 12:59:03 759] lgi        684  SYS_MSG_LOAD  
[2020/10/11 12:59:03 761] lgi        706  SYS_MSG_REGCB  msp_status_cb  func(fc013690) 
[2020/10/11 12:59:03 761] lgi        298  LGI_MSG_INIT  
[2020/10/11 12:59:03 762] lgi        305  lgi  lgi_  268436457  1573451739  
[2020/10/11 12:59:03 762] lgi        347  work_dir  .  
[2020/10/11 12:59:03 762] lgi        403  token:  nil  
[2020/10/11 12:59:03 762] lgi        476  msc cver : 5.0.44.1288  
[2020/10/11 12:59:03 762] lgi        519  ns_enable=  1  
[2020/10/11 12:59:03 762] lgi        531  prot_ver=1  
[2020/10/11 12:59:03 762] lgi        542  prot_type=tcp  
[2020/10/11 12:59:03 763] lgi        693  SYS_MSG_UNLOAD  go bg!  
[2020/10/11 12:59:13 316] lgi        697  SYS_MSG_SHUTDOWN  
============================================================
Time  2020/10/11 13:01:51 188 
============================================================
[2020/10/11 13:01:51 189] lgi        684  SYS_MSG_LOAD  
[2020/10/11 13:01:51 191] lgi        706  SYS_MSG_REGCB  msp_status_cb  func(44053250) 
[2020/10/11 13:01:51 191] lgi        298  LGI_MSG_INIT  
[2020/10/11 13:01:51 191] lgi        305  lgi  lgi_  268436457  1573451739  
[2020/10/11 13:01:51 192] lgi        347  work_dir  .  
[2020/10/11 13:01:51 192] lgi        403  token:  nil  
[2020/10/11 13:01:51 192] lgi        476  msc cver : 5.0.44.1288  
[2020/10/11 13:01:51 192] lgi        519  ns_enable=  1  
[2020/10/11 13:01:51 192] lgi        531  prot_ver=1  
[2020/10/11 13:01:51 192] lgi        542  prot_type=tcp  
[2020/10/11 13:01:51 193] lgi        693  SYS_MSG_UNLOAD  go bg!  
[2020/10/11 13:02:03 099] lgi        697  SYS_MSG_SHUTDOWN  
============================================================
Time  2020/10/11 13:02:47 574 
============================================================
[2020/10/11 13:02:47 574] lgi        684  SYS_MSG_LOAD  
[2020/10/11 13:02:47 576] lgi        706  SYS_MSG_REGCB  msp_status_cb  func(7c0136b0) 
[2020/10/11 13:02:47 577] lgi        298  LGI_MSG_INIT  
[2020/10/11 13:02:47 577] lgi        305  lgi  lgi_  268436457  1573451739  
[2020/10/11 13:02:47 577] lgi        347  work_dir  .  
[2020/10/11 13:02:47 577] lgi        403  token:  nil  
[2020/10/11 13:02:47 577] lgi        476  msc cver : 5.0.44.1288  
[2020/10/11 13:02:47 577] lgi        519  ns_enable=  1  
[2020/10/11 13:02:47 577] lgi        531  prot_ver=1  
[2020/10/11 13:02:47 578] lgi        542  prot_type=tcp  
[2020/10/11 13:02:47 578] lgi        693  SYS_MSG_UNLOAD  go bg!  
[2020/10/11 13:02:50 282] lgi        697  SYS_MSG_SHUTDOWN  
============================================================
Time  2020/10/11 13:04:09 212 
============================================================
[2020/10/11 13:04:09 212] lgi        684  SYS_MSG_LOAD  
[2020/10/11 13:04:09 214] lgi        706  SYS_MSG_REGCB  msp_status_cb  func(ec0136b0) 
[2020/10/11 13:04:09 214] lgi        298  LGI_MSG_INIT  
[2020/10/11 13:04:09 214] lgi        305  lgi  lgi_  268436457  1573451739  
[2020/10/11 13:04:09 215] lgi        347  work_dir  .  
[2020/10/11 13:04:09 215] lgi        403  token:  nil  
[2020/10/11 13:04:09 215] lgi        476  msc cver : 5.0.44.1288  
[2020/10/11 13:04:09 215] lgi        519  ns_enable=  1  
[2020/10/11 13:04:09 215] lgi        531  prot_ver=1  
[2020/10/11 13:04:09 215] lgi        542  prot_type=tcp  
[2020/10/11 13:04:09 216] lgi        693  SYS_MSG_UNLOAD  go bg!  
[2020/10/11 13:04:12 186] lgi        697  SYS_MSG_SHUTDOWN  
============================================================
Time  2020/10/11 13:05:11 541 
============================================================
[2020/10/11 13:05:11 541] lgi        684  SYS_MSG_LOAD  
[2020/10/11 13:05:11 543] lgi        706  SYS_MSG_REGCB  msp_status_cb  func(d0053270) 
[2020/10/11 13:05:11 544] lgi        298  LGI_MSG_INIT  
[2020/10/11 13:05:11 544] lgi        305  lgi  lgi_  268436457  1573451739  
[2020/10/11 13:05:11 544] lgi        347  work_dir  .  
[2020/10/11 13:05:11 544] lgi        403  token:  nil  
[2020/10/11 13:05:11 544] lgi        476  msc cver : 5.0.44.1288  
[2020/10/11 13:05:11 544] lgi        519  ns_enable=  1  
[2020/10/11 13:05:11 545] lgi        531  prot_ver=1  
[2020/10/11 13:05:11 545] lgi        542  prot_type=tcp  
[2020/10/11 13:05:11 545] lgi        693  SYS_MSG_UNLOAD  go bg!  
[2020/10/11 13:05:14 562] lgi        697  SYS_MSG_SHUTDOWN  
============================================================
Time  2020/10/11 13:06:52 714 
============================================================
[2020/10/11 13:06:52 714] lgi        684  SYS_MSG_LOAD  
[2020/10/11 13:06:52 716] lgi        706  SYS_MSG_REGCB  msp_status_cb  func(58013690) 
[2020/10/11 13:06:52 716] lgi        298  LGI_MSG_INIT  
[2020/10/11 13:06:52 716] lgi        305  lgi  lgi_  268436457  1573451739  
[2020/10/11 13:06:52 717] lgi        347  work_dir  .  
[2020/10/11 13:06:52 717] lgi        403  token:  nil  
[2020/10/11 13:06:52 717] lgi        476  msc cver : 5.0.44.1288  
[2020/10/11 13:06:52 717] lgi        519  ns_enable=  1  
[2020/10/11 13:06:52 717] lgi        531  prot_ver=1  
[2020/10/11 13:06:52 717] lgi        542  prot_type=tcp  
[2020/10/11 13:06:52 718] lgi        693  SYS_MSG_UNLOAD  go bg!  
[2020/10/11 13:06:54 025] lgi        697  SYS_MSG_SHUTDOWN  
============================================================
Time  2020/10/11 15:13:37 127 
============================================================
[2020/10/11 15:13:37 127] lgi        684  SYS_MSG_LOAD  
[2020/10/11 15:13:37 129] lgi        706  SYS_MSG_REGCB  msp_status_cb  func(dc013690) 
[2020/10/11 15:13:37 130] lgi        298  LGI_MSG_INIT  
[2020/10/11 15:13:37 130] lgi        305  lgi  lgi_  268436457  1573451739  
[2020/10/11 15:13:37 130] lgi        347  work_dir  .  
[2020/10/11 15:13:37 131] lgi        403  token:  nil  
[2020/10/11 15:13:37 131] lgi        476  msc cver : 5.0.44.1288  
[2020/10/11 15:13:37 131] lgi        519  ns_enable=  1  
[2020/10/11 15:13:37 131] lgi        531  prot_ver=1  
[2020/10/11 15:13:37 131] lgi        542  prot_type=tcp  
[2020/10/11 15:13:37 132] lgi        693  SYS_MSG_UNLOAD  go bg!  
[2020/10/11 15:13:41 278] lgi        697  SYS_MSG_SHUTDOWN  
============================================================
Time  2020/10/11 15:18:46 437 
============================================================
[2020/10/11 15:18:46 437] lgi        684  SYS_MSG_LOAD  
[2020/10/11 15:18:46 439] lgi        706  SYS_MSG_REGCB  msp_status_cb  func(44013690) 
[2020/10/11 15:18:46 440] lgi        298  LGI_MSG_INIT  
[2020/10/11 15:18:46 440] lgi        305  lgi  lgi_  268436457  1573451739  
[2020/10/11 15:18:46 440] lgi        347  work_dir  .  
[2020/10/11 15:18:46 440] lgi        403  token:  nil  
[2020/10/11 15:18:46 440] lgi        476  msc cver : 5.0.44.1288  
[2020/10/11 15:18:46 440] lgi        519  ns_enable=  1  
[2020/10/11 15:18:46 440] lgi        531  prot_ver=1  
[2020/10/11 15:18:46 441] lgi        542  prot_type=tcp  
[2020/10/11 15:18:46 441] lgi        693  SYS_MSG_UNLOAD  go bg!  
[2020/10/11 15:18:48 413] lgi        697  SYS_MSG_SHUTDOWN  
============================================================
Time  2020/10/11 15:22:48 709 
============================================================
[2020/10/11 15:22:48 709] lgi        684  SYS_MSG_LOAD  
[2020/10/11 15:22:48 711] lgi        706  SYS_MSG_REGCB  msp_status_cb  func(d00136b0) 
[2020/10/11 15:22:48 711] lgi        298  LGI_MSG_INIT  
[2020/10/11 15:22:48 711] lgi        305  lgi  lgi_  268436457  1573451739  
[2020/10/11 15:22:48 712] lgi        347  work_dir  .  
[2020/10/11 15:22:48 712] lgi        403  token:  nil  
[2020/10/11 15:22:48 712] lgi        476  msc cver : 5.0.44.1288  
[2020/10/11 15:22:48 712] lgi        519  ns_enable=  1  
[2020/10/11 15:22:48 712] lgi        531  prot_ver=1  
[2020/10/11 15:22:48 712] lgi        542  prot_type=tcp  
[2020/10/11 15:22:48 713] lgi        693  SYS_MSG_UNLOAD  go bg!  
[2020/10/11 15:22:50 723] lgi        697  SYS_MSG_SHUTDOWN  
============================================================
Time  2020/10/11 15:24:50 724 
============================================================
[2020/10/11 15:24:50 724] lgi        684  SYS_MSG_LOAD  
[2020/10/11 15:24:50 726] lgi        706  SYS_MSG_REGCB  msp_status_cb  func(c8013690) 
[2020/10/11 15:24:50 726] lgi        298  LGI_MSG_INIT  
[2020/10/11 15:24:50 727] lgi        305  lgi  lgi_  268436457  1573451739  
[2020/10/11 15:24:50 727] lgi        347  work_dir  .  
[2020/10/11 15:24:50 727] lgi        403  token:  nil  
[2020/10/11 15:24:50 727] lgi        476  msc cver : 5.0.44.1288  
[2020/10/11 15:24:50 727] lgi        519  ns_enable=  1  
[2020/10/11 15:24:50 727] lgi        531  prot_ver=1  
[2020/10/11 15:24:50 727] lgi        542  prot_type=tcp  
[2020/10/11 15:24:50 728] lgi        693  SYS_MSG_UNLOAD  go bg!  
[2020/10/11 15:24:52 926] lgi        697  SYS_MSG_SHUTDOWN  
